<?xml version="1.0"?>
<!DOCTYPE coverage SYSTEM "http://cobertura.sourceforge.net/xml/coverage-04.dtd">

<coverage line-rate="0.8181818181818182" branch-rate="0.5" lines-covered="18" lines-valid="22" branches-covered="2" branches-valid="4" complexity="1.5" version="2.1.1" timestamp="1466850459390">
	<sources>
		<source>--source</source>
		<source>/Volumes/Data/projects/exem/flamingo-apache/flamingo-shared/src/main/java</source>
	</sources>
	<packages>
		<package name="org.exem.flamingo.shared.util" line-rate="0.8181818181818182" branch-rate="0.5" complexity="1.5">
			<classes>
				<class name="org.exem.flamingo.shared.util.ApplicationContextRegistry" filename="org/exem/flamingo/shared/util/ApplicationContextRegistry.java" line-rate="1.0" branch-rate="1.0" complexity="1.0">
					<methods>
						<method name="&lt;init&gt;" signature="()V" line-rate="1.0" branch-rate="1.0" complexity="0">
							<lines>
								<line number="28" hits="1" branch="false"/>
							</lines>
						</method>
						<method name="getApplicationContext" signature="()Lorg/springframework/context/ApplicationContext;" line-rate="1.0" branch-rate="1.0" complexity="0">
							<lines>
								<line number="41" hits="2" branch="false"/>
							</lines>
						</method>
						<method name="setApplicationContext" signature="(Lorg/springframework/context/ApplicationContext;)V" line-rate="1.0" branch-rate="1.0" complexity="0">
							<lines>
								<line number="37" hits="1" branch="false"/>
								<line number="38" hits="1" branch="false"/>
							</lines>
						</method>
					</methods>
					<lines>
						<line number="28" hits="1" branch="false"/>
						<line number="37" hits="1" branch="false"/>
						<line number="38" hits="1" branch="false"/>
						<line number="41" hits="2" branch="false"/>
					</lines>
				</class>
				<class name="org.exem.flamingo.shared.util.ObjectMapperFactoryBean" filename="org/exem/flamingo/shared/util/ObjectMapperFactoryBean.java" line-rate="1.0" branch-rate="0.5" complexity="1.2">
					<methods>
						<method name="&lt;init&gt;" signature="()V" line-rate="1.0" branch-rate="1.0" complexity="0">
							<lines>
								<line number="33" hits="2" branch="false"/>
							</lines>
						</method>
						<method name="afterPropertiesSet" signature="()V" line-rate="1.0" branch-rate="0.5" complexity="0">
							<lines>
								<line number="52" hits="2" branch="false"/>
								<line number="54" hits="2" branch="true" condition-coverage="50% (1/2)">
									<conditions>
										<condition number="0" type="jump" coverage="50%"/>
									</conditions>
								</line>
								<line number="55" hits="2" branch="false"/>
								<line number="57" hits="2" branch="false"/>
							</lines>
						</method>
						<method name="getObject" signature="()Lcom/fasterxml/jackson/databind/ObjectMapper;" line-rate="1.0" branch-rate="1.0" complexity="0">
							<lines>
								<line number="37" hits="1" branch="false"/>
							</lines>
						</method>
						<method name="getObject" signature="()Ljava/lang/Object;" line-rate="1.0" branch-rate="1.0" complexity="0">
							<lines>
								<line number="29" hits="3" branch="false"/>
							</lines>
						</method>
						<method name="getObjectType" signature="()Ljava/lang/Class;" line-rate="1.0" branch-rate="1.0" complexity="0">
							<lines>
								<line number="42" hits="2" branch="false"/>
							</lines>
						</method>
						<method name="isSingleton" signature="()Z" line-rate="1.0" branch-rate="1.0" complexity="0">
							<lines>
								<line number="47" hits="3" branch="false"/>
							</lines>
						</method>
						<method name="setIndentOutput" signature="(Z)V" line-rate="1.0" branch-rate="1.0" complexity="0">
							<lines>
								<line number="60" hits="2" branch="false"/>
								<line number="61" hits="2" branch="false"/>
							</lines>
						</method>
					</methods>
					<lines>
						<line number="29" hits="3" branch="false"/>
						<line number="33" hits="2" branch="false"/>
						<line number="37" hits="1" branch="false"/>
						<line number="42" hits="2" branch="false"/>
						<line number="47" hits="3" branch="false"/>
						<line number="52" hits="2" branch="false"/>
						<line number="54" hits="2" branch="true" condition-coverage="50% (1/2)">
							<conditions>
								<condition number="0" type="jump" coverage="50%"/>
							</conditions>
						</line>
						<line number="55" hits="2" branch="false"/>
						<line number="57" hits="2" branch="false"/>
						<line number="60" hits="2" branch="false"/>
						<line number="61" hits="2" branch="false"/>
					</lines>
				</class>
				<class name="org.exem.flamingo.shared.util.SystemUtils" filename="org/exem/flamingo/shared/util/SystemUtils.java" line-rate="0.42857142857142855" branch-rate="0.5" complexity="4.0">
					<methods>
						<method name="&lt;init&gt;" signature="()V" line-rate="0.0" branch-rate="1.0" complexity="0">
							<lines>
								<line number="26" hits="0" branch="false"/>
							</lines>
						</method>
						<method name="getPid" signature="()Ljava/lang/String;" line-rate="0.5" branch-rate="0.5" complexity="0">
							<lines>
								<line number="30" hits="1" branch="false"/>
								<line number="31" hits="1" branch="true" condition-coverage="50% (1/2)">
									<conditions>
										<condition number="0" type="jump" coverage="50%"/>
									</conditions>
								</line>
								<line number="32" hits="1" branch="false"/>
								<line number="34" hits="0" branch="false"/>
								<line number="36" hits="0" branch="false"/>
								<line number="37" hits="0" branch="false"/>
							</lines>
						</method>
					</methods>
					<lines>
						<line number="26" hits="0" branch="false"/>
						<line number="30" hits="1" branch="false"/>
						<line number="31" hits="1" branch="true" condition-coverage="50% (1/2)">
							<conditions>
								<condition number="0" type="jump" coverage="50%"/>
							</conditions>
						</line>
						<line number="32" hits="1" branch="false"/>
						<line number="34" hits="0" branch="false"/>
						<line number="36" hits="0" branch="false"/>
						<line number="37" hits="0" branch="false"/>
					</lines>
				</class>
			</classes>
		</package>
	</packages>
</coverage>
